Base path: /Applications/Unity/Unity.app/Contents
Pipe name: \\.\pipe\UnityShaderCompiler-2--1331417088
Cmd: getPlatforms
Cmd: compileSnippet
  api=9 type=0 insize=956 outsize=793 kw= ok=1
Cmd: compileSnippet
  api=9 type=0 insize=986 outsize=721 kw= ok=1
Cmd: compileSnippet
  api=9 type=1 insize=1203 outsize=7 kw= ok=1
Cmd: compileSnippet
  api=9 type=0 insize=1274 outsize=1049 kw= ok=1
Cmd: compileSnippet
  api=9 type=0 insize=1260 outsize=1014 kw= ok=1
Cmd: compileSnippet
  api=9 type=0 insize=1260 outsize=1339 kw= ok=1
Cmd: compileSnippet
  api=9 type=1 insize=1222 outsize=7 kw= ok=1
Cmd: compileSnippet
  api=5 type=1 insize=1218 outsize=6 kw= ok=1
Cmd: compileSnippet
  api=9 type=1 insize=1277 outsize=7 kw= ok=1
Cmd: compileSnippet
  api=9 type=1 insize=1333 outsize=7 kw= ok=1
Cmd: compileSnippet
  api=9 type=0 insize=1051 outsize=1052 kw= ok=1
Cmd: compileSnippet
  api=9 type=0 insize=1041 outsize=928 kw= ok=1
End of pipe

Quitting shader compiler process
